<?xml version="1.0" encoding="UTF-8"?>
<!-- Generated by org.testng.reporters.JUnitReportReporter -->
<testsuite name="test1" tests="1" time="2.907" ignored="0" failures="0" timestamp="09 Aug 2018 06:56:51 GMT" skipped="0" hostname="Preranas-MacBook-Pro.local" errors="0">
  <testcase name="LaunchChrome" time="2.907" classname="test1"/>
</testsuite> <!-- test1 -->
